0 info it worked if it ends with ok
1 verbose cli [ '/usr/local/Cellar/node/5.7.0/bin/node',
1 verbose cli   '/usr/local/bin/npm',
1 verbose cli   'run',
1 verbose cli   'serve' ]
2 info using npm@3.6.0
3 info using node@v5.7.0
4 verbose run-script [ 'preserve', 'serve', 'postserve' ]
5 info lifecycle 06-tshirts@1.0.0~preserve: 06-tshirts@1.0.0
6 silly lifecycle 06-tshirts@1.0.0~preserve: no script for preserve, continuing
7 info lifecycle 06-tshirts@1.0.0~serve: 06-tshirts@1.0.0
8 verbose lifecycle 06-tshirts@1.0.0~serve: unsafe-perm in lifecycle true
9 verbose lifecycle 06-tshirts@1.0.0~serve: PATH: /usr/local/lib/node_modules/npm/bin/node-gyp-bin:/Users/andersolavessen/IronYard/week-02/06-tshirts/node_modules/.bin:/usr/local/bin:/usr/bin:/bin:/usr/sbin:/sbin
10 verbose lifecycle 06-tshirts@1.0.0~serve: CWD: /Users/andersolavessen/IronYard/week-02/06-tshirts
11 silly lifecycle 06-tshirts@1.0.0~serve: Args: [ '-c', 'broccoli-lr serve' ]
12 info lifecycle 06-tshirts@1.0.0~serve: Failed to exec serve script
13 verbose stack Error: 06-tshirts@1.0.0 serve: `broccoli-lr serve`
13 verbose stack spawn ENOENT
13 verbose stack     at ChildProcess.<anonymous> (/usr/local/lib/node_modules/npm/lib/utils/spawn.js:17:16)
13 verbose stack     at emitTwo (events.js:100:13)
13 verbose stack     at ChildProcess.emit (events.js:185:7)
13 verbose stack     at maybeClose (internal/child_process.js:827:16)
13 verbose stack     at Process.ChildProcess._handle.onexit (internal/child_process.js:211:5)
14 verbose pkgid 06-tshirts@1.0.0
15 verbose cwd /Users/andersolavessen/IronYard/week-02/06-tshirts
16 error Darwin 15.3.0
17 error argv "/usr/local/Cellar/node/5.7.0/bin/node" "/usr/local/bin/npm" "run" "serve"
18 error node v5.7.0
19 error npm  v3.6.0
20 error file sh
21 error code ELIFECYCLE
22 error errno ENOENT
23 error syscall spawn
24 error 06-tshirts@1.0.0 serve: `broccoli-lr serve`
24 error spawn ENOENT
25 error Failed at the 06-tshirts@1.0.0 serve script 'broccoli-lr serve'.
25 error Make sure you have the latest version of node.js and npm installed.
25 error If you do, this is most likely a problem with the 06-tshirts package,
25 error not with npm itself.
25 error Tell the author that this fails on your system:
25 error     broccoli-lr serve
25 error You can get information on how to open an issue for this project with:
25 error     npm bugs 06-tshirts
25 error Or if that isn't available, you can get their info via:
25 error     npm owner ls 06-tshirts
25 error There is likely additional logging output above.
26 verbose exit [ 1, true ]
